<?xml version="1.0" encoding="UTF-8"?>
<Site BuildName="Linux-x86_64-linux-gnu-g++-10"
	BuildStamp="20211215-0220-Experimental"
	Name="penguin"
	Generator="ctest-3.18.4"
	CompilerName="/bin/x86_64-linux-gnu-g++-10"
	CompilerVersion="10.2.1"
	OSName="Linux"
	Hostname="penguin"
	OSRelease="5.4.151-16906-g86cbb761e8c4"
	OSVersion="#1 SMP PREEMPT Sat Nov 27 19:46:30 PST 2021"
	OSPlatform="x86_64"
	Is64Bits="1"
	VendorString="GenuineIntel"
	VendorID="Intel Corporation"
	FamilyID="6"
	ModelID="140"
	ProcessorCacheSize="8192"
	NumberOfLogicalCPU="8"
	NumberOfPhysicalCPU="8"
	TotalVirtualMemory="0"
	TotalPhysicalMemory="6581"
	LogicalProcessorsPerPhysical="1"
	ProcessorClockFrequency="2419.2"
	>
	<Testing>
		<StartDateTime>Dec 14 19:20 MST</StartDateTime>
		<StartTestTime>1639534806</StartTestTime>
		<TestList/>
		<EndDateTime>Dec 14 19:20 MST</EndDateTime>
		<EndTestTime>1639534806</EndTestTime>
		<ElapsedMinutes>0</ElapsedMinutes>
	</Testing>
</Site>
